<?xml version="1.0" encoding="UTF-8"?>
<!-- Generated by org.testng.reporters.JUnitReportReporter -->
<testsuite hostname="LAPTOP-FAP6QC75" failures="0" tests="3" name="io.nirmata.tests.CreateCatalog" time="99.196" errors="0" timestamp="2021-03-03T15:10:33 PST" skipped="0">
  <testcase classname="io.nirmata.tests.CreateCatalog" name="createCatalog" time="32.870"/>
  <system-out/>
  <testcase classname="io.nirmata.tests.CreateCatalog" name="createCatalogWithExistingName" time="28.367"/>
  <system-out/>
  <testcase classname="io.nirmata.tests.CreateCatalog" name="deleteCatalog" time="37.959"/>
  <system-out/>
</testsuite> <!-- io.nirmata.tests.CreateCatalog -->
