<?xml version="1.0" encoding="UTF-8"?>
<!-- Generated by org.testng.reporters.JUnitReportReporter -->
<testsuite hostname="LAPTOP-FAP6QC75" failures="0" tests="1" name="io.nirmata.tests.CreateApplication" time="37.132" errors="0" timestamp="2021-03-04T14:26:51 PST" skipped="0">
  <testcase classname="io.nirmata.tests.CreateApplication" name="CreateApp" time="37.132"/>
  <system-out/>
</testsuite> <!-- io.nirmata.tests.CreateApplication -->
