<?xml version="1.0" encoding="UTF-8"?>
<!-- Generated by org.testng.reporters.JUnitReportReporter -->
<testsuite hostname="LAPTOP-FAP6QC75" failures="0" tests="1" name="io.nirmata.tests.CreateCatalog" time="31.062" errors="0" timestamp="2021-03-02T15:07:14 PST" skipped="0">
  <testcase classname="io.nirmata.tests.CreateCatalog" name="createCatalog" time="31.062"/>
  <system-out/>
</testsuite> <!-- io.nirmata.tests.CreateCatalog -->
