<?xml version="1.0" encoding="UTF-8"?>
<!-- Generated by org.testng.reporters.JUnitReportReporter -->
<testsuite hostname="LAPTOP-FAP6QC75" failures="0" tests="3" name="io.nirmata.tests.CreateCatalog" time="107.085" errors="0" timestamp="2021-03-04T13:26:47 PST" skipped="0">
  <testcase classname="io.nirmata.tests.CreateCatalog" name="createCatalog" time="35.686"/>
  <system-out/>
  <testcase classname="io.nirmata.tests.CreateCatalog" name="createCatalogWithExistingName" time="30.281"/>
  <system-out/>
  <testcase classname="io.nirmata.tests.CreateCatalog" name="deleteCatalog" time="41.118"/>
  <system-out/>
</testsuite> <!-- io.nirmata.tests.CreateCatalog -->
